п»ї
> xml-fiscal-intelligence@0.1.0 test:e2e
> playwright test


Running 30 tests using 3 workers

  Г”ВЈГґ   3 [chromium] Г”Г‡в•‘ e2e\a11y.spec.ts:6:9 Г”Г‡в•‘ a11y smoke Г”Г‡в•‘ /login has no critical axe violations (1.3s)
  Г”ВЈГґ   1 [chromium] Г”Г‡в•‘ e2e\a11y.spec.ts:6:9 Г”Г‡в•‘ a11y smoke Г”Г‡в•‘ / has no critical axe violations (1.4s)
  Г”ВЈГґ   2 [chromium] Г”Г‡в•‘ e2e\a11y.spec.ts:6:9 Г”Г‡в•‘ a11y smoke Г”Г‡в•‘ /app has no critical axe violations (1.5s)
  Г”ВЈГґ   5 [chromium] Г”Г‡в•‘ e2e\smoke.spec.ts:13:7 Г”Г‡в•‘ smoke SaaS honesty Г”Г‡в•‘ app overview shows local persistence posture (368ms)
  Г”ВЈГґ   4 [chromium] Г”Г‡в•‘ e2e\smoke.spec.ts:4:7 Г”Г‡в•‘ smoke SaaS honesty Г”Г‡в•‘ landing is honest and links to demo/signup (408ms)
  Г”ВЈГґ   8 [chromium] Г”Г‡в•‘ e2e\smoke.spec.ts:41:7 Г”Г‡в•‘ smoke SaaS honesty Г”Г‡в•‘ health endpoint responds (24ms)
  Г”ВЈГґ   6 [chromium] Г”Г‡в•‘ e2e\smoke.spec.ts:19:7 Г”Г‡в•‘ smoke SaaS honesty Г”Г‡в•‘ billing gated by auth when Supabase configured; demo path is honest (306ms)
  Г”ВЈГґ   7 [chromium] Г”Г‡в•‘ e2e\smoke.spec.ts:31:7 Г”Г‡в•‘ smoke SaaS honesty Г”Г‡в•‘ EFD page: auth gate or honesty banner with PVA (305ms)
  Г”ВЈГґ   9 [chromium] Г”Г‡в•‘ e2e\smoke.spec.ts:64:9 Г”Г‡в•‘ phase surfaces F10Г”Г‡ГґF17 Г”Г‡в•‘ /app/continuous-ops renders without crash (331ms)
  Г”ВЈГґ  10 [chromium] Г”Г‡в•‘ e2e\smoke.spec.ts:64:9 Г”Г‡в•‘ phase surfaces F10Г”Г‡ГґF17 Г”Г‡в•‘ /app/governance renders without crash (444ms)
  Г”ВЈГґ  11 [chromium] Г”Г‡в•‘ e2e\smoke.spec.ts:64:9 Г”Г‡в•‘ phase surfaces F10Г”Г‡ГґF17 Г”Г‡в•‘ /app/enterprise renders without crash (365ms)
  Г”ВЈГґ  13 [chromium] Г”Г‡в•‘ e2e\smoke.spec.ts:64:9 Г”Г‡в•‘ phase surfaces F10Г”Г‡ГґF17 Г”Г‡в•‘ /app/ecosystem renders without crash (380ms)
  Г”ВЈГґ  14 [chromium] Г”Г‡в•‘ e2e\smoke.spec.ts:64:9 Г”Г‡в•‘ phase surfaces F10Г”Г‡ГґF17 Г”Г‡в•‘ /app/compliance renders without crash (480ms)
  Г”ВЈГї  12 [chromium] Г”Г‡в•‘ e2e\smoke.spec.ts:64:9 Г”Г‡в•‘ phase surfaces F10Г”Г‡ГґF17 Г”Г‡в•‘ /app/scale renders without crash (515ms)
  Г”ВЈГґ  15 [chromium] Г”Г‡в•‘ e2e\smoke.spec.ts:64:9 Г”Г‡в•‘ phase surfaces F10Г”Г‡ГґF17 Г”Г‡в•‘ /app/growth renders without crash (314ms)
  Г”ВЈГґ  16 [chromium] Г”Г‡в•‘ e2e\smoke.spec.ts:64:9 Г”Г‡в•‘ phase surfaces F10Г”Г‡ГґF17 Г”Г‡в•‘ /app/assurance renders without crash (374ms)
  Г”ВЈГґ  17 [chromium] Г”Г‡в•‘ e2e\smoke.spec.ts:64:9 Г”Г‡в•‘ phase surfaces F10Г”Г‡ГґF17 Г”Г‡в•‘ /app/homologation renders without crash (325ms)
  Г”ВЈГґ  18 [chromium] Г”Г‡в•‘ e2e\smoke.spec.ts:77:7 Г”Г‡в•‘ phase surfaces F10Г”Г‡ГґF17 Г”Г‡в•‘ assurance does not claim SOC2 certified (310ms)
  Г”ВЈГґ  21 [chromium] Г”Г‡в•‘ e2e\smoke.spec.ts:64:9 Г”Г‡в•‘ phase surfaces F10Г”Г‡ГґF17 Г”Г‡в•‘ /app/m renders without crash (268ms)
  Г”ВЈГґ  19 [chromium] Г”Г‡в•‘ e2e\visual\visual.spec.ts:45:9 Г”Г‡в•‘ visual + a11y guard (11 routes, chromium desktop) Г”Г‡в•‘ /login has main + h1 and no critical/serious axe violations (1.4s)
  Г”ВЈГґ  20 [chromium] Г”Г‡в•‘ e2e\visual\visual.spec.ts:45:9 Г”Г‡в•‘ visual + a11y guard (11 routes, chromium desktop) Г”Г‡в•‘ /app/upload has main + h1 and no critical/serious axe violations (1.5s)
  Г”ВЈГґ  22 [chromium] Г”Г‡в•‘ e2e\visual\visual.spec.ts:45:9 Г”Г‡в•‘ visual + a11y guard (11 routes, chromium desktop) Г”Г‡в•‘ /app/companies has main + h1 and no critical/serious axe violations (1.4s)
  Г”ВЈГґ  23 [chromium] Г”Г‡в•‘ e2e\visual\visual.spec.ts:45:9 Г”Г‡в•‘ visual + a11y guard (11 routes, chromium desktop) Г”Г‡в•‘ /signup has main + h1 and no critical/serious axe violations (1.3s)
  Г”ВЈГґ  24 [chromium] Г”Г‡в•‘ e2e\visual\visual.spec.ts:45:9 Г”Г‡в•‘ visual + a11y guard (11 routes, chromium desktop) Г”Г‡в•‘ /app/reconciliation has main + h1 and no critical/serious axe violations (1.4s)
  Г”ВЈГґ  25 [chromium] Г”Г‡в•‘ e2e\visual\visual.spec.ts:45:9 Г”Г‡в•‘ visual + a11y guard (11 routes, chromium desktop) Г”Г‡в•‘ /app/billing has main + h1 and no critical/serious axe violations (1.4s)
  Г”ВЈГґ  26 [chromium] Г”Г‡в•‘ e2e\visual\visual.spec.ts:45:9 Г”Г‡в•‘ visual + a11y guard (11 routes, chromium desktop) Г”Г‡в•‘ /forgot-password has main + h1 and no critical/serious axe violations (1.4s)
  Г”ВЈГґ  27 [chromium] Г”Г‡в•‘ e2e\visual\visual.spec.ts:45:9 Г”Г‡в•‘ visual + a11y guard (11 routes, chromium desktop) Г”Г‡в•‘ /app/closing has main + h1 and no critical/serious axe violations (1.6s)
  Г”ВЈГґ  28 [chromium] Г”Г‡в•‘ e2e\visual\visual.spec.ts:45:9 Г”Г‡в•‘ visual + a11y guard (11 routes, chromium desktop) Г”Г‡в•‘ /app/settings has main + h1 and no critical/serious axe violations (1.6s)
  Г”ВЈГґ  29 [chromium] Г”Г‡в•‘ e2e\visual\visual.spec.ts:45:9 Г”Г‡в•‘ visual + a11y guard (11 routes, chromium desktop) Г”Г‡в•‘ /app has main + h1 and no critical/serious axe violations (1.6s)
  Г”ВЈГґ  30 [chromium] Г”Г‡в•‘ e2e\visual\visual.spec.ts:45:9 Г”Г‡в•‘ visual + a11y guard (11 routes, chromium desktop) Г”Г‡в•‘ /app/batches has main + h1 and no critical/serious axe violations (1.4s)


  1) [chromium] Г”Г‡в•‘ e2e\smoke.spec.ts:64:9 Г”Г‡в•‘ phase surfaces F10Г”Г‡ГґF17 Г”Г‡в•‘ /app/scale renders without crash 

    Error: Minified React error #418; visit https://react.dev/errors/418?args[]=text&args[]= for the full message or use the non-minified dev environment for full errors and additional helpful warnings.

    expect(received).toEqual(expected) // deep equality

    - Expected  - 1
    + Received  + 3

    - Array []
    + Array [
    +   "Minified React error #418; visit https://react.dev/errors/418?args[]=text&args[]= for the full message or use the non-minified dev environment for full errors and additional helpful warnings.",
    + ]

      71 |       });
      72 |       await expect(page.getByText(/Application error|Unhandled Runtime Error/i)).toHaveCount(0);
    > 73 |       expect(errors, errors.join(" | ")).toEqual([]);
         |                                          ^
      74 |     });
      75 |   }
      76 |
        at C:\Users\User1\Projects\xml-fiscal-intelligence\e2e\smoke.spec.ts:73:42

    Error Context: test-results\smoke-phase-surfaces-F10Г”Г‡ГґF17-app-scale-renders-without-crash-chromium\error-context.md

  1 failed
    [chromium] Г”Г‡в•‘ e2e\smoke.spec.ts:64:9 Г”Г‡в•‘ phase surfaces F10Г”Г‡ГґF17 Г”Г‡в•‘ /app/scale renders without crash 
  29 passed (14.1s)
