п»ї
> xml-fiscal-intelligence@0.1.0 test:e2e
> playwright test


Running 30 tests using 3 workers

  Г”ВЈГґ   1 [chromium] Г”Г‡в•‘ e2e\a11y.spec.ts:6:9 Г”Г‡в•‘ a11y smoke Г”Г‡в•‘ /login has no critical axe violations (920ms)
  Г”ВЈГґ   2 [chromium] Г”Г‡в•‘ e2e\a11y.spec.ts:6:9 Г”Г‡в•‘ a11y smoke Г”Г‡в•‘ / has no critical axe violations (1.0s)
  Г”ВЈГґ   3 [chromium] Г”Г‡в•‘ e2e\a11y.spec.ts:6:9 Г”Г‡в•‘ a11y smoke Г”Г‡в•‘ /app has no critical axe violations (1.1s)
  Г”ВЈГґ   4 [chromium] Г”Г‡в•‘ e2e\smoke.spec.ts:4:7 Г”Г‡в•‘ smoke SaaS honesty Г”Г‡в•‘ landing is honest and links to demo/signup (303ms)
  Г”ВЈГґ   5 [chromium] Г”Г‡в•‘ e2e\smoke.spec.ts:13:7 Г”Г‡в•‘ smoke SaaS honesty Г”Г‡в•‘ app overview shows local persistence posture (404ms)
  Г”ВЈГґ   8 [chromium] Г”Г‡в•‘ e2e\smoke.spec.ts:41:7 Г”Г‡в•‘ smoke SaaS honesty Г”Г‡в•‘ health endpoint responds (41ms)
  Г”ВЈГґ   6 [chromium] Г”Г‡в•‘ e2e\smoke.spec.ts:19:7 Г”Г‡в•‘ smoke SaaS honesty Г”Г‡в•‘ billing gated by auth when Supabase configured; demo path is honest (339ms)
  Г”ВЈГґ   7 [chromium] Г”Г‡в•‘ e2e\smoke.spec.ts:31:7 Г”Г‡в•‘ smoke SaaS honesty Г”Г‡в•‘ EFD page: auth gate or honesty banner with PVA (331ms)
  Г”ВЈГґ   9 [chromium] Г”Г‡в•‘ e2e\smoke.spec.ts:64:9 Г”Г‡в•‘ phase surfaces F10Г”Г‡ГґF17 Г”Г‡в•‘ /app/continuous-ops renders without crash (283ms)
  Г”ВЈГґ  11 [chromium] Г”Г‡в•‘ e2e\smoke.spec.ts:64:9 Г”Г‡в•‘ phase surfaces F10Г”Г‡ГґF17 Г”Г‡в•‘ /app/enterprise renders without crash (335ms)
  Г”ВЈГґ  10 [chromium] Г”Г‡в•‘ e2e\smoke.spec.ts:64:9 Г”Г‡в•‘ phase surfaces F10Г”Г‡ГґF17 Г”Г‡в•‘ /app/governance renders without crash (400ms)
  Г”ВЈГґ  13 [chromium] Г”Г‡в•‘ e2e\smoke.spec.ts:64:9 Г”Г‡в•‘ phase surfaces F10Г”Г‡ГґF17 Г”Г‡в•‘ /app/ecosystem renders without crash (314ms)
  Г”ВЈГґ  12 [chromium] Г”Г‡в•‘ e2e\smoke.spec.ts:64:9 Г”Г‡в•‘ phase surfaces F10Г”Г‡ГґF17 Г”Г‡в•‘ /app/scale renders without crash (406ms)
  Г”ВЈГґ  14 [chromium] Г”Г‡в•‘ e2e\smoke.spec.ts:64:9 Г”Г‡в•‘ phase surfaces F10Г”Г‡ГґF17 Г”Г‡в•‘ /app/compliance renders without crash (382ms)
  Г”ВЈГґ  15 [chromium] Г”Г‡в•‘ e2e\smoke.spec.ts:64:9 Г”Г‡в•‘ phase surfaces F10Г”Г‡ГґF17 Г”Г‡в•‘ /app/growth renders without crash (439ms)
  Г”ВЈГґ  17 [chromium] Г”Г‡в•‘ e2e\smoke.spec.ts:64:9 Г”Г‡в•‘ phase surfaces F10Г”Г‡ГґF17 Г”Г‡в•‘ /app/m renders without crash (347ms)
  Г”ВЈГґ  16 [chromium] Г”Г‡в•‘ e2e\smoke.spec.ts:64:9 Г”Г‡в•‘ phase surfaces F10Г”Г‡ГґF17 Г”Г‡в•‘ /app/assurance renders without crash (463ms)
  Г”ВЈГґ  18 [chromium] Г”Г‡в•‘ e2e\smoke.spec.ts:64:9 Г”Г‡в•‘ phase surfaces F10Г”Г‡ГґF17 Г”Г‡в•‘ /app/homologation renders without crash (338ms)
  Г”ВЈГґ  19 [chromium] Г”Г‡в•‘ e2e\smoke.spec.ts:77:7 Г”Г‡в•‘ phase surfaces F10Г”Г‡ГґF17 Г”Г‡в•‘ assurance does not claim SOC2 certified (342ms)
  Г”ВЈГґ  20 [chromium] Г”Г‡в•‘ e2e\visual\visual.spec.ts:45:9 Г”Г‡в•‘ visual + a11y guard (11 routes, chromium desktop) Г”Г‡в•‘ /login has main + h1 and no critical/serious axe violations (1.4s)
  Г”ВЈГґ  22 [chromium] Г”Г‡в•‘ e2e\visual\visual.spec.ts:45:9 Г”Г‡в•‘ visual + a11y guard (11 routes, chromium desktop) Г”Г‡в•‘ /app/companies has main + h1 and no critical/serious axe violations (1.4s)
  Г”ВЈГґ  21 [chromium] Г”Г‡в•‘ e2e\visual\visual.spec.ts:45:9 Г”Г‡в•‘ visual + a11y guard (11 routes, chromium desktop) Г”Г‡в•‘ /app/upload has main + h1 and no critical/serious axe violations (1.5s)
  Г”ВЈГґ  23 [chromium] Г”Г‡в•‘ e2e\visual\visual.spec.ts:45:9 Г”Г‡в•‘ visual + a11y guard (11 routes, chromium desktop) Г”Г‡в•‘ /signup has main + h1 and no critical/serious axe violations (1.3s)
  Г”ВЈГґ  24 [chromium] Г”Г‡в•‘ e2e\visual\visual.spec.ts:45:9 Г”Г‡в•‘ visual + a11y guard (11 routes, chromium desktop) Г”Г‡в•‘ /app/billing has main + h1 and no critical/serious axe violations (1.4s)
  Г”ВЈГґ  25 [chromium] Г”Г‡в•‘ e2e\visual\visual.spec.ts:45:9 Г”Г‡в•‘ visual + a11y guard (11 routes, chromium desktop) Г”Г‡в•‘ /app/reconciliation has main + h1 and no critical/serious axe violations (1.5s)
  Г”ВЈГґ  26 [chromium] Г”Г‡в•‘ e2e\visual\visual.spec.ts:45:9 Г”Г‡в•‘ visual + a11y guard (11 routes, chromium desktop) Г”Г‡в•‘ /forgot-password has main + h1 and no critical/serious axe violations (1.3s)
  Г”ВЈГґ  27 [chromium] Г”Г‡в•‘ e2e\visual\visual.spec.ts:45:9 Г”Г‡в•‘ visual + a11y guard (11 routes, chromium desktop) Г”Г‡в•‘ /app/settings has main + h1 and no critical/serious axe violations (1.5s)
  Г”ВЈГґ  28 [chromium] Г”Г‡в•‘ e2e\visual\visual.spec.ts:45:9 Г”Г‡в•‘ visual + a11y guard (11 routes, chromium desktop) Г”Г‡в•‘ /app/closing has main + h1 and no critical/serious axe violations (1.5s)
  Г”ВЈГґ  29 [chromium] Г”Г‡в•‘ e2e\visual\visual.spec.ts:45:9 Г”Г‡в•‘ visual + a11y guard (11 routes, chromium desktop) Г”Г‡в•‘ /app has main + h1 and no critical/serious axe violations (1.6s)
  Г”ВЈГґ  30 [chromium] Г”Г‡в•‘ e2e\visual\visual.spec.ts:45:9 Г”Г‡в•‘ visual + a11y guard (11 routes, chromium desktop) Г”Г‡в•‘ /app/batches has main + h1 and no critical/serious axe violations (1.4s)

  30 passed (12.2s)
