
> xml-fiscal-intelligence@0.1.0 screenshots:all
> node scripts/screenshots-all.mjs

[screenshots-all] BASE_URL=http://127.0.0.1:3000
[engine] chromium
  [ok] chromium/desktop/guest/login (200)
  [ok] chromium/desktop/error/login (404)
  [ok] chromium/tablet/guest/login (200)
  [ok] chromium/tablet/error/login (404)
  [ok] chromium/mobile/guest/login (200)
  [ok] chromium/mobile/error/login (404)
  [ok] chromium/desktop/guest/signup (200)
  [ok] chromium/desktop/error/signup (404)
  [ok] chromium/tablet/guest/signup (200)
  [ok] chromium/tablet/error/signup (404)
  [ok] chromium/mobile/guest/signup (200)
  [ok] chromium/mobile/error/signup (404)
  [ok] chromium/desktop/guest/forgot-password (200)
  [ok] chromium/desktop/error/forgot-password (404)
  [ok] chromium/tablet/guest/forgot-password (200)
  [ok] chromium/tablet/error/forgot-password (404)
  [ok] chromium/mobile/guest/forgot-password (200)
  [ok] chromium/mobile/error/forgot-password (404)
  [ok] chromium/desktop/guest/app (200)
  [ok] chromium/desktop/error/app (404)
  [ok] chromium/tablet/guest/app (200)
  [ok] chromium/tablet/error/app (404)
  [ok] chromium/mobile/guest/app (200)
  [ok] chromium/mobile/error/app (404)
  [ok] chromium/desktop/guest/app/upload (200)
  [ok] chromium/desktop/error/app/upload (404)
  [ok] chromium/tablet/guest/app/upload (200)
  [ok] chromium/tablet/error/app/upload (404)
  [ok] chromium/mobile/guest/app/upload (200)
  [ok] chromium/mobile/error/app/upload (404)
  [ok] chromium/desktop/guest/app/reconciliation (200)
  [ok] chromium/desktop/error/app/reconciliation (404)
  [ok] chromium/tablet/guest/app/reconciliation (200)
  [ok] chromium/tablet/error/app/reconciliation (404)
  [ok] chromium/mobile/guest/app/reconciliation (200)
  [ok] chromium/mobile/error/app/reconciliation (404)
  [ok] chromium/desktop/guest/app/closing (200)
  [ok] chromium/desktop/error/app/closing (404)
  [ok] chromium/tablet/guest/app/closing (200)
  [ok] chromium/tablet/error/app/closing (404)
  [ok] chromium/mobile/guest/app/closing (200)
  [ok] chromium/mobile/error/app/closing (404)
  [ok] chromium/desktop/guest/app/batches (200)
  [ok] chromium/desktop/error/app/batches (200)
  [ok] chromium/tablet/guest/app/batches (200)
  [ok] chromium/tablet/error/app/batches (200)
  [ok] chromium/mobile/guest/app/batches (200)
  [ok] chromium/mobile/error/app/batches (200)
  [ok] chromium/desktop/guest/app/companies (200)
  [ok] chromium/desktop/error/app/companies (200)
  [ok] chromium/tablet/guest/app/companies (200)
  [ok] chromium/tablet/error/app/companies (200)
  [ok] chromium/mobile/guest/app/companies (200)
  [ok] chromium/mobile/error/app/companies (200)
  [ok] chromium/desktop/guest/app/billing (200)
  [ok] chromium/desktop/error/app/billing (200)
  [ok] chromium/tablet/guest/app/billing (200)
  [ok] chromium/tablet/error/app/billing (200)
  [ok] chromium/mobile/guest/app/billing (200)
  [ok] chromium/mobile/error/app/billing (200)
  [ok] chromium/desktop/guest/app/settings (200)
  [ok] chromium/desktop/error/app/settings (404)
  [ok] chromium/tablet/guest/app/settings (200)
  [ok] chromium/tablet/error/app/settings (404)
  [ok] chromium/mobile/guest/app/settings (200)
  [ok] chromium/mobile/error/app/settings (404)
[engine] firefox
  [ok] firefox/desktop/guest/login (200)
  [ok] firefox/desktop/error/login (404)
  [ok] firefox/tablet/guest/login (200)
  [ok] firefox/tablet/error/login (404)
  [ok] firefox/mobile/guest/login (200)
  [ok] firefox/mobile/error/login (404)
  [ok] firefox/desktop/guest/signup (200)
  [ok] firefox/desktop/error/signup (404)
  [ok] firefox/tablet/guest/signup (200)
  [ok] firefox/tablet/error/signup (404)
  [ok] firefox/mobile/guest/signup (200)
  [ok] firefox/mobile/error/signup (404)
  [ok] firefox/desktop/guest/forgot-password (200)
  [ok] firefox/desktop/error/forgot-password (404)
  [ok] firefox/tablet/guest/forgot-password (200)
  [ok] firefox/tablet/error/forgot-password (404)
  [ok] firefox/mobile/guest/forgot-password (200)
  [ok] firefox/mobile/error/forgot-password (404)
  [ok] firefox/desktop/guest/app (200)
  [ok] firefox/desktop/error/app (404)
  [ok] firefox/tablet/guest/app (200)
  [ok] firefox/tablet/error/app (404)
  [ok] firefox/mobile/guest/app (200)
  [ok] firefox/mobile/error/app (404)
  [ok] firefox/desktop/guest/app/upload (200)
  [ok] firefox/desktop/error/app/upload (404)
  [ok] firefox/tablet/guest/app/upload (200)
  [ok] firefox/tablet/error/app/upload (404)
  [ok] firefox/mobile/guest/app/upload (200)
  [ok] firefox/mobile/error/app/upload (404)
  [ok] firefox/desktop/guest/app/reconciliation (200)
  [ok] firefox/desktop/error/app/reconciliation (404)
  [ok] firefox/tablet/guest/app/reconciliation (200)
  [ok] firefox/tablet/error/app/reconciliation (404)
  [ok] firefox/mobile/guest/app/reconciliation (200)
  [ok] firefox/mobile/error/app/reconciliation (404)
  [ok] firefox/desktop/guest/app/closing (200)
  [ok] firefox/desktop/error/app/closing (404)
  [ok] firefox/tablet/guest/app/closing (200)
  [ok] firefox/tablet/error/app/closing (404)
  [ok] firefox/mobile/guest/app/closing (200)
  [ok] firefox/mobile/error/app/closing (404)
  [ok] firefox/desktop/guest/app/batches (200)
  [ok] firefox/desktop/error/app/batches (200)
  [ok] firefox/tablet/guest/app/batches (200)
  [ok] firefox/tablet/error/app/batches (200)
  [ok] firefox/mobile/guest/app/batches (200)
  [ok] firefox/mobile/error/app/batches (200)
  [ok] firefox/desktop/guest/app/companies (200)
  [ok] firefox/desktop/error/app/companies (200)
  [ok] firefox/tablet/guest/app/companies (200)
  [ok] firefox/tablet/error/app/companies (200)
  [ok] firefox/mobile/guest/app/companies (200)
  [ok] firefox/mobile/error/app/companies (200)
  [ok] firefox/desktop/guest/app/billing (200)
  [ok] firefox/desktop/error/app/billing (200)
  [ok] firefox/tablet/guest/app/billing (200)
  [ok] firefox/tablet/error/app/billing (200)
  [ok] firefox/mobile/guest/app/billing (200)
  [ok] firefox/mobile/error/app/billing (200)
  [ok] firefox/desktop/guest/app/settings (200)
  [ok] firefox/desktop/error/app/settings (404)
  [ok] firefox/tablet/guest/app/settings (200)
  [ok] firefox/tablet/error/app/settings (404)
  [ok] firefox/mobile/guest/app/settings (200)
  [ok] firefox/mobile/error/app/settings (404)
[engine] webkit
  [ok] webkit/desktop/guest/login (200)
  [ok] webkit/desktop/error/login (404)
  [ok] webkit/tablet/guest/login (200)
  [ok] webkit/tablet/error/login (404)
  [ok] webkit/mobile/guest/login (200)
  [ok] webkit/mobile/error/login (404)
  [ok] webkit/desktop/guest/signup (200)
  [ok] webkit/desktop/error/signup (404)
  [ok] webkit/tablet/guest/signup (200)
  [ok] webkit/tablet/error/signup (404)
  [ok] webkit/mobile/guest/signup (200)
  [ok] webkit/mobile/error/signup (404)
  [ok] webkit/desktop/guest/forgot-password (200)
  [ok] webkit/desktop/error/forgot-password (404)
  [ok] webkit/tablet/guest/forgot-password (200)
  [ok] webkit/tablet/error/forgot-password (404)
  [ok] webkit/mobile/guest/forgot-password (200)
  [ok] webkit/mobile/error/forgot-password (404)
  [ok] webkit/desktop/guest/app (200)
  [ok] webkit/desktop/error/app (404)
  [ok] webkit/tablet/guest/app (200)
  [ok] webkit/tablet/error/app (404)
  [ok] webkit/mobile/guest/app (200)
  [ok] webkit/mobile/error/app (404)
  [ok] webkit/desktop/guest/app/upload (200)
  [ok] webkit/desktop/error/app/upload (404)
  [ok] webkit/tablet/guest/app/upload (200)
  [ok] webkit/tablet/error/app/upload (404)
  [ok] webkit/mobile/guest/app/upload (200)
  [ok] webkit/mobile/error/app/upload (404)
  [ok] webkit/desktop/guest/app/reconciliation (200)
  [ok] webkit/desktop/error/app/reconciliation (404)
  [ok] webkit/tablet/guest/app/reconciliation (200)
  [ok] webkit/tablet/error/app/reconciliation (404)
  [ok] webkit/mobile/guest/app/reconciliation (200)
  [ok] webkit/mobile/error/app/reconciliation (404)
  [ok] webkit/desktop/guest/app/closing (200)
  [ok] webkit/desktop/error/app/closing (404)
  [ok] webkit/tablet/guest/app/closing (200)
  [ok] webkit/tablet/error/app/closing (404)
  [ok] webkit/mobile/guest/app/closing (200)
  [ok] webkit/mobile/error/app/closing (404)
  [ok] webkit/desktop/guest/app/batches (200)
  [ok] webkit/desktop/error/app/batches (200)
  [ok] webkit/tablet/guest/app/batches (200)
  [ok] webkit/tablet/error/app/batches (200)
  [ok] webkit/mobile/guest/app/batches (200)
  [ok] webkit/mobile/error/app/batches (200)
  [ok] webkit/desktop/guest/app/companies (200)
  [ok] webkit/desktop/error/app/companies (200)
  [ok] webkit/tablet/guest/app/companies (200)
  [ok] webkit/tablet/error/app/companies (200)
  [ok] webkit/mobile/guest/app/companies (200)
  [ok] webkit/mobile/error/app/companies (200)
  [ok] webkit/desktop/guest/app/billing (200)
  [ok] webkit/desktop/error/app/billing (200)
  [ok] webkit/tablet/guest/app/billing (200)
  [ok] webkit/tablet/error/app/billing (200)
  [ok] webkit/mobile/guest/app/billing (200)
  [ok] webkit/mobile/error/app/billing (200)
  [ok] webkit/desktop/guest/app/settings (200)
  [ok] webkit/desktop/error/app/settings (404)
  [ok] webkit/tablet/guest/app/settings (200)
  [ok] webkit/tablet/error/app/settings (404)
  [ok] webkit/mobile/guest/app/settings (200)
  [ok] webkit/mobile/error/app/settings (404)
[screenshots-all] done. 198 shots; axe: critical=0 serious=0 moderate=0; engine errors=0; page errors=0
[screenshots-all] output written to C:\Users\User1\Projects\xml-fiscal-intelligence\artifacts\ui-capture\after
node.exe : [screenshots-all] 36 issue(s) recorded (see manifest.json > issues).
No C:\Program Files\nodejs\npm.ps1:29 caractere:3
+   & $NODE_EXE $NPM_CLI_JS $args
+   ~~~~~~~~~~~~~~~~~~~~~~~~~~~~~
    + CategoryInfo          : NotSpecified: ([screenshots-al...json > issues).:String) [], RemoteException
    + FullyQualifiedErrorId : NativeCommandError
 
